<?xml version="1.0" encoding="UTF-8"?>
<!-- Generated by org.testng.reporters.JUnitReportReporter -->
<testsuite hostname="LAPTOP-256JO5RD" failures="0" tests="1" name="example.NewTest" time="5.229" errors="0" timestamp="2024-03-16T11:35:34 IST" skipped="0">
  <testcase classname="example.NewTest" name="testEasy" time="5.229"/>
  <system-out/>
</testsuite> <!-- example.NewTest -->
